<?xml version="1.0" encoding="UTF-8"?>
<testsuite xmlns:xsi="http://www.w3.org/2001/XMLSchema-instance" xsi:noNamespaceSchemaLocation="https://maven.apache.org/surefire/maven-surefire-plugin/xsd/surefire-test-report-3.0.xsd" version="3.0" name="com.asd.sorting.DeterministicSelectTest" time="0.146" tests="20" errors="0" skipped="0" failures="0">
  <properties>
    <property name="java.specification.version" value="24"/>
    <property name="sun.cpu.isalist" value="amd64"/>
    <property name="sun.jnu.encoding" value="Cp1251"/>
    <property name="java.class.path" value="c:\Users\denis\Desktop\uni dz\2nd year\Design and analysis of Algorithms\1st assignment new repo\ass1\target\test-classes;c:\Users\denis\Desktop\uni dz\2nd year\Design and analysis of Algorithms\1st assignment new repo\ass1\target\classes;C:\Users\denis\.m2\repository\org\junit\jupiter\junit-jupiter-api\5.10.2\junit-jupiter-api-5.10.2.jar;C:\Users\denis\.m2\repository\org\opentest4j\opentest4j\1.3.0\opentest4j-1.3.0.jar;C:\Users\denis\.m2\repository\org\junit\platform\junit-platform-commons\1.10.2\junit-platform-commons-1.10.2.jar;C:\Users\denis\.m2\repository\org\apiguardian\apiguardian-api\1.1.2\apiguardian-api-1.1.2.jar;C:\Users\denis\.m2\repository\org\junit\jupiter\junit-jupiter-engine\5.10.2\junit-jupiter-engine-5.10.2.jar;C:\Users\denis\.m2\repository\org\junit\platform\junit-platform-engine\1.10.2\junit-platform-engine-1.10.2.jar;C:\Users\denis\.m2\repository\com\synditcorp\ruleengine\2.1.0\ruleengine-2.1.0.jar;C:\Users\denis\.m2\repository\com\fasterxml\jackson\core\jackson-databind\2.13.2.2\jackson-databind-2.13.2.2.jar;C:\Users\denis\.m2\repository\com\fasterxml\jackson\core\jackson-annotations\2.13.2\jackson-annotations-2.13.2.jar;C:\Users\denis\.m2\repository\com\fasterxml\jackson\core\jackson-core\2.13.2\jackson-core-2.13.2.jar;C:\Users\denis\.m2\repository\org\mvel\mvel2\2.4.13.Final\mvel2-2.4.13.Final.jar;C:\Users\denis\.m2\repository\org\slf4j\slf4j-simple\1.7.25\slf4j-simple-1.7.25.jar;C:\Users\denis\.m2\repository\org\slf4j\slf4j-api\1.7.25\slf4j-api-1.7.25.jar;"/>
    <property name="java.vm.vendor" value="Oracle Corporation"/>
    <property name="sun.arch.data.model" value="64"/>
    <property name="user.variant" value=""/>
    <property name="java.vendor.url" value="https://java.oracle.com/"/>
    <property name="user.timezone" value="Asia/Qyzylorda"/>
    <property name="user.country.format" value="US"/>
    <property name="os.name" value="Windows 11"/>
    <property name="java.vm.specification.version" value="24"/>
    <property name="sun.java.launcher" value="SUN_STANDARD"/>
    <property name="user.country" value="RU"/>
    <property name="sun.boot.library.path" value="C:\Program Files\Java\jdk-24\bin"/>
    <property name="sun.java.command" value="C:\Users\denis\AppData\Local\Temp\surefire17892512112534422128\surefirebooter-20250926194822650_3.jar C:\Users\denis\AppData\Local\Temp\surefire17892512112534422128 2025-09-26T19-48-22_379-jvmRun1 surefire-20250926194822650_1tmp surefire_0-20250926194822650_2tmp"/>
    <property name="jdk.debug" value="release"/>
    <property name="surefire.test.class.path" value="c:\Users\denis\Desktop\uni dz\2nd year\Design and analysis of Algorithms\1st assignment new repo\ass1\target\test-classes;c:\Users\denis\Desktop\uni dz\2nd year\Design and analysis of Algorithms\1st assignment new repo\ass1\target\classes;C:\Users\denis\.m2\repository\org\junit\jupiter\junit-jupiter-api\5.10.2\junit-jupiter-api-5.10.2.jar;C:\Users\denis\.m2\repository\org\opentest4j\opentest4j\1.3.0\opentest4j-1.3.0.jar;C:\Users\denis\.m2\repository\org\junit\platform\junit-platform-commons\1.10.2\junit-platform-commons-1.10.2.jar;C:\Users\denis\.m2\repository\org\apiguardian\apiguardian-api\1.1.2\apiguardian-api-1.1.2.jar;C:\Users\denis\.m2\repository\org\junit\jupiter\junit-jupiter-engine\5.10.2\junit-jupiter-engine-5.10.2.jar;C:\Users\denis\.m2\repository\org\junit\platform\junit-platform-engine\1.10.2\junit-platform-engine-1.10.2.jar;C:\Users\denis\.m2\repository\com\synditcorp\ruleengine\2.1.0\ruleengine-2.1.0.jar;C:\Users\denis\.m2\repository\com\fasterxml\jackson\core\jackson-databind\2.13.2.2\jackson-databind-2.13.2.2.jar;C:\Users\denis\.m2\repository\com\fasterxml\jackson\core\jackson-annotations\2.13.2\jackson-annotations-2.13.2.jar;C:\Users\denis\.m2\repository\com\fasterxml\jackson\core\jackson-core\2.13.2\jackson-core-2.13.2.jar;C:\Users\denis\.m2\repository\org\mvel\mvel2\2.4.13.Final\mvel2-2.4.13.Final.jar;C:\Users\denis\.m2\repository\org\slf4j\slf4j-simple\1.7.25\slf4j-simple-1.7.25.jar;C:\Users\denis\.m2\repository\org\slf4j\slf4j-api\1.7.25\slf4j-api-1.7.25.jar;"/>
    <property name="sun.cpu.endian" value="little"/>
    <property name="user.home" value="C:\Users\denis"/>
    <property name="user.language" value="ru"/>
    <property name="java.specification.vendor" value="Oracle Corporation"/>
    <property name="java.version.date" value="2025-07-15"/>
    <property name="java.home" value="C:\Program Files\Java\jdk-24"/>
    <property name="file.separator" value="\"/>
    <property name="basedir" value="c:\Users\denis\Desktop\uni dz\2nd year\Design and analysis of Algorithms\1st assignment new repo\ass1"/>
    <property name="java.vm.compressedOopsMode" value="Zero based"/>
    <property name="line.separator" value="&#10;"/>
    <property name="java.vm.specification.vendor" value="Oracle Corporation"/>
    <property name="java.specification.name" value="Java Platform API Specification"/>
    <property name="surefire.real.class.path" value="C:\Users\denis\AppData\Local\Temp\surefire17892512112534422128\surefirebooter-20250926194822650_3.jar"/>
    <property name="user.script" value=""/>
    <property name="sun.management.compiler" value="HotSpot 64-Bit Tiered Compilers"/>
    <property name="java.runtime.version" value="24.0.2+12-54"/>
    <property name="user.name" value="denis"/>
    <property name="stdout.encoding" value="Cp1251"/>
    <property name="path.separator" value=";"/>
    <property name="os.version" value="10.0"/>
    <property name="java.runtime.name" value="Java(TM) SE Runtime Environment"/>
    <property name="file.encoding" value="UTF-8"/>
    <property name="java.vm.name" value="Java HotSpot(TM) 64-Bit Server VM"/>
    <property name="localRepository" value="C:\Users\denis\.m2\repository"/>
    <property name="java.vendor.url.bug" value="https://bugreport.java.com/bugreport/"/>
    <property name="java.io.tmpdir" value="C:\Users\denis\AppData\Local\Temp\"/>
    <property name="java.version" value="24.0.2"/>
    <property name="user.dir" value="c:\Users\denis\Desktop\uni dz\2nd year\Design and analysis of Algorithms\1st assignment new repo\ass1"/>
    <property name="os.arch" value="amd64"/>
    <property name="java.vm.specification.name" value="Java Virtual Machine Specification"/>
    <property name="user.language.format" value="en"/>
    <property name="sun.os.patch.level" value=""/>
    <property name="native.encoding" value="Cp1251"/>
    <property name="java.library.path" value="C:\Program Files\Java\jdk-24\bin;C:\WINDOWS\Sun\Java\bin;C:\WINDOWS\system32;C:\WINDOWS;C:\Program Files\Common Files\Oracle\Java\javapath;C:\WINDOWS\system32;C:\WINDOWS;C:\WINDOWS\System32\Wbem;C:\WINDOWS\System32\WindowsPowerShell\v1.0\;C:\WINDOWS\System32\OpenSSH\;C:\Program Files (x86)\Go\bin;C:\Program Files\Git\cmd;C:\Program Files\Java\jdk-24\bin;C:\Program Files\apache-maven-3.9.11\bin;C:\Users\denis\AppData\Local\Microsoft\WindowsApps;C:\Users\denis\AppData\Local\Programs\Microsoft VS Code\bin;C:\Users\denis\go\bin;c:\Users\denis\.vscode\extensions\ms-python.debugpy-2025.10.0-win32-x64\bundled\scripts\noConfigScripts;c:\Users\denis\AppData\Roaming\Code\User\globalStorage\github.copilot-chat\debugCommand;."/>
    <property name="java.vm.info" value="mixed mode, sharing"/>
    <property name="stderr.encoding" value="Cp1251"/>
    <property name="java.vendor" value="Oracle Corporation"/>
    <property name="java.vm.version" value="24.0.2+12-54"/>
    <property name="sun.io.unicode.encoding" value="UnicodeLittle"/>
    <property name="java.class.version" value="68.0"/>
  </properties>
  <testcase name="testDeterministicSelectRandom" classname="com.asd.sorting.DeterministicSelectTest" time="0.01"/>
  <testcase name="testDeterministicSelectRandom" classname="com.asd.sorting.DeterministicSelectTest" time="0.004"/>
  <testcase name="testDeterministicSelectRandom" classname="com.asd.sorting.DeterministicSelectTest" time="0.003"/>
  <testcase name="testDeterministicSelectRandom" classname="com.asd.sorting.DeterministicSelectTest" time="0.003"/>
  <testcase name="testDeterministicSelectRandom" classname="com.asd.sorting.DeterministicSelectTest" time="0.004"/>
  <testcase name="testDeterministicSelectRandom" classname="com.asd.sorting.DeterministicSelectTest" time="0.003"/>
  <testcase name="testDeterministicSelectRandom" classname="com.asd.sorting.DeterministicSelectTest" time="0.002"/>
  <testcase name="testDeterministicSelectRandom" classname="com.asd.sorting.DeterministicSelectTest" time="0.004"/>
  <testcase name="testDeterministicSelectRandom" classname="com.asd.sorting.DeterministicSelectTest" time="0.003"/>
  <testcase name="testDeterministicSelectRandom" classname="com.asd.sorting.DeterministicSelectTest" time="0.003"/>
  <testcase name="testDeterministicSelectRandom" classname="com.asd.sorting.DeterministicSelectTest" time="0.004"/>
  <testcase name="testDeterministicSelectRandom" classname="com.asd.sorting.DeterministicSelectTest" time="0.003"/>
  <testcase name="testDeterministicSelectRandom" classname="com.asd.sorting.DeterministicSelectTest" time="0.003"/>
  <testcase name="testDeterministicSelectRandom" classname="com.asd.sorting.DeterministicSelectTest" time="0.002"/>
  <testcase name="testDeterministicSelectRandom" classname="com.asd.sorting.DeterministicSelectTest" time="0.003"/>
  <testcase name="testDeterministicSelectRandom" classname="com.asd.sorting.DeterministicSelectTest" time="0.003"/>
  <testcase name="testDeterministicSelectRandom" classname="com.asd.sorting.DeterministicSelectTest" time="0.004"/>
  <testcase name="testDeterministicSelectRandom" classname="com.asd.sorting.DeterministicSelectTest" time="0.003"/>
  <testcase name="testDeterministicSelectRandom" classname="com.asd.sorting.DeterministicSelectTest" time="0.003"/>
  <testcase name="testDeterministicSelectRandom" classname="com.asd.sorting.DeterministicSelectTest" time="0.002"/>
</testsuite>